0 info it worked if it ends with ok
1 verbose cli [ '/usr/bin/node', '/usr/bin/npm', 'i', 'serve-static' ]
2 info using npm@3.5.2
3 info using node@v8.10.0
4 silly loadCurrentTree Starting
5 silly install loadCurrentTree
6 silly install readLocalPackageData
7 silly fetchPackageMetaData serve-static
8 silly fetchNamedPackageData serve-static
9 silly mapToRegistry name serve-static
10 silly mapToRegistry using default registry
11 silly mapToRegistry registry https://registry.npmjs.org/
12 silly mapToRegistry uri https://registry.npmjs.org/serve-static
13 verbose request uri https://registry.npmjs.org/serve-static
14 verbose request no auth needed
15 info attempt registry request try #1 at 18:31:20
16 verbose request id 5ba9d79e9e01902f
17 verbose etag W/"677dc091960689656d6caf32ab5861bc"
18 verbose lastModified Thu, 02 Aug 2018 09:57:07 GMT
19 http request GET https://registry.npmjs.org/serve-static
20 http 304 https://registry.npmjs.org/serve-static
21 verbose headers { date: 'Sun, 16 Sep 2018 15:31:21 GMT',
21 verbose headers   connection: 'keep-alive',
21 verbose headers   'set-cookie':
21 verbose headers    [ '__cfduid=de9d7aada38e76bbc037a2beb5a005fd51537111881; expires=Mon, 16-Sep-19 15:31:21 GMT; path=/; domain=.registry.npmjs.org; HttpOnly' ],
21 verbose headers   'cf-cache-status': 'HIT',
21 verbose headers   'cache-control': 'max-age=300',
21 verbose headers   'cf-ray': '45b461287c018e91-DME',
21 verbose headers   etag: '"677dc091960689656d6caf32ab5861bc"',
21 verbose headers   'expect-ct': 'max-age=604800, report-uri="https://report-uri.cloudflare.com/cdn-cgi/beacon/expect-ct"',
21 verbose headers   'last-modified': 'Thu, 02 Aug 2018 09:57:07 GMT',
21 verbose headers   vary: 'accept-encoding, accept',
21 verbose headers   server: 'cloudflare' }
22 silly get cb [ 304,
22 silly get   { date: 'Sun, 16 Sep 2018 15:31:21 GMT',
22 silly get     connection: 'keep-alive',
22 silly get     'set-cookie':
22 silly get      [ '__cfduid=de9d7aada38e76bbc037a2beb5a005fd51537111881; expires=Mon, 16-Sep-19 15:31:21 GMT; path=/; domain=.registry.npmjs.org; HttpOnly' ],
22 silly get     'cf-cache-status': 'HIT',
22 silly get     'cache-control': 'max-age=300',
22 silly get     'cf-ray': '45b461287c018e91-DME',
22 silly get     etag: '"677dc091960689656d6caf32ab5861bc"',
22 silly get     'expect-ct': 'max-age=604800, report-uri="https://report-uri.cloudflare.com/cdn-cgi/beacon/expect-ct"',
22 silly get     'last-modified': 'Thu, 02 Aug 2018 09:57:07 GMT',
22 silly get     vary: 'accept-encoding, accept',
22 silly get     server: 'cloudflare' } ]
23 verbose etag https://registry.npmjs.org/serve-static from cache
24 verbose get saving serve-static to /home/alex/.npm/registry.npmjs.org/serve-static/.cache.json
25 silly install normalizeTree
26 silly loadCurrentTree Finishing
27 silly loadIdealTree Starting
28 silly install loadIdealTree
29 silly cloneCurrentTree Starting
30 silly install cloneCurrentTreeToIdealTree
31 silly cloneCurrentTree Finishing
32 silly loadShrinkwrap Starting
33 silly install loadShrinkwrap
34 silly loadShrinkwrap Finishing
35 silly loadAllDepsIntoIdealTree Starting
36 silly install loadAllDepsIntoIdealTree
37 silly resolveWithNewModule serve-static@1.13.2 checking installable status
38 silly cache add args [ 'serve-static', null ]
39 verbose cache add spec serve-static
40 silly cache add parsed spec Result {
40 silly cache add   raw: 'serve-static',
40 silly cache add   scope: null,
40 silly cache add   name: 'serve-static',
40 silly cache add   rawSpec: '',
40 silly cache add   spec: 'latest',
40 silly cache add   type: 'tag' }
41 silly addNamed serve-static@latest
42 verbose addNamed "latest" is being treated as a dist-tag for serve-static
43 info addNameTag [ 'serve-static', 'latest' ]
44 silly mapToRegistry name serve-static
45 silly mapToRegistry using default registry
46 silly mapToRegistry registry https://registry.npmjs.org/
47 silly mapToRegistry uri https://registry.npmjs.org/serve-static
48 verbose addNameTag registry:https://registry.npmjs.org/serve-static not in flight; fetching
49 verbose get https://registry.npmjs.org/serve-static not expired, no request
50 silly addNameTag next cb for serve-static with tag latest
51 silly addNamed serve-static@1.13.2
52 verbose addNamed "1.13.2" is a plain semver version for serve-static
53 silly cache afterAdd serve-static@1.13.2
54 verbose afterAdd /home/alex/.npm/serve-static/1.13.2/package/package.json not in flight; writing
55 verbose afterAdd /home/alex/.npm/serve-static/1.13.2/package/package.json written
56 silly fetchNamedPackageData encodeurl
57 silly mapToRegistry name encodeurl
58 silly mapToRegistry using default registry
59 silly mapToRegistry registry https://registry.npmjs.org/
60 silly mapToRegistry uri https://registry.npmjs.org/encodeurl
61 silly fetchNamedPackageData escape-html
62 silly mapToRegistry name escape-html
63 silly mapToRegistry using default registry
64 silly mapToRegistry registry https://registry.npmjs.org/
65 silly mapToRegistry uri https://registry.npmjs.org/escape-html
66 silly fetchNamedPackageData parseurl
67 silly mapToRegistry name parseurl
68 silly mapToRegistry using default registry
69 silly mapToRegistry registry https://registry.npmjs.org/
70 silly mapToRegistry uri https://registry.npmjs.org/parseurl
71 silly fetchNamedPackageData send
72 silly mapToRegistry name send
73 silly mapToRegistry using default registry
74 silly mapToRegistry registry https://registry.npmjs.org/
75 silly mapToRegistry uri https://registry.npmjs.org/send
76 verbose request uri https://registry.npmjs.org/encodeurl
77 verbose request no auth needed
78 info attempt registry request try #1 at 18:31:21
79 verbose etag W/"9769b3e91cc7510a61514fb0e632402a"
80 verbose lastModified Sat, 26 May 2018 23:32:17 GMT
81 http request GET https://registry.npmjs.org/encodeurl
82 verbose request uri https://registry.npmjs.org/parseurl
83 verbose request no auth needed
84 info attempt registry request try #1 at 18:31:21
85 verbose etag W/"0ca236afd5556415dd4ced32bdfbe279"
86 verbose lastModified Sun, 27 May 2018 11:52:43 GMT
87 http request GET https://registry.npmjs.org/parseurl
88 verbose request uri https://registry.npmjs.org/escape-html
89 verbose request no auth needed
90 info attempt registry request try #1 at 18:31:21
91 verbose etag W/"0e25282cc58c9d541c73e755ecde5489"
92 verbose lastModified Sat, 26 May 2018 23:42:58 GMT
93 http request GET https://registry.npmjs.org/escape-html
94 verbose request uri https://registry.npmjs.org/send
95 verbose request no auth needed
96 info attempt registry request try #1 at 18:31:21
97 verbose etag W/"1ad685c40371ecdf81bd1d0fcdec39fd"
98 verbose lastModified Sun, 27 May 2018 16:58:00 GMT
99 http request GET https://registry.npmjs.org/send
100 http 304 https://registry.npmjs.org/encodeurl
101 verbose headers { date: 'Sun, 16 Sep 2018 15:31:21 GMT',
101 verbose headers   connection: 'keep-alive',
101 verbose headers   'set-cookie':
101 verbose headers    [ '__cfduid=de9d7aada38e76bbc037a2beb5a005fd51537111881; expires=Mon, 16-Sep-19 15:31:21 GMT; path=/; domain=.registry.npmjs.org; HttpOnly' ],
101 verbose headers   'cf-cache-status': 'HIT',
101 verbose headers   'cache-control': 'max-age=300',
101 verbose headers   'cf-ray': '45b461291c388e91-DME',
101 verbose headers   etag: '"9769b3e91cc7510a61514fb0e632402a"',
101 verbose headers   'expect-ct': 'max-age=604800, report-uri="https://report-uri.cloudflare.com/cdn-cgi/beacon/expect-ct"',
101 verbose headers   'last-modified': 'Sat, 26 May 2018 23:32:17 GMT',
101 verbose headers   vary: 'accept-encoding, accept',
101 verbose headers   server: 'cloudflare' }
102 silly get cb [ 304,
102 silly get   { date: 'Sun, 16 Sep 2018 15:31:21 GMT',
102 silly get     connection: 'keep-alive',
102 silly get     'set-cookie':
102 silly get      [ '__cfduid=de9d7aada38e76bbc037a2beb5a005fd51537111881; expires=Mon, 16-Sep-19 15:31:21 GMT; path=/; domain=.registry.npmjs.org; HttpOnly' ],
102 silly get     'cf-cache-status': 'HIT',
102 silly get     'cache-control': 'max-age=300',
102 silly get     'cf-ray': '45b461291c388e91-DME',
102 silly get     etag: '"9769b3e91cc7510a61514fb0e632402a"',
102 silly get     'expect-ct': 'max-age=604800, report-uri="https://report-uri.cloudflare.com/cdn-cgi/beacon/expect-ct"',
102 silly get     'last-modified': 'Sat, 26 May 2018 23:32:17 GMT',
102 silly get     vary: 'accept-encoding, accept',
102 silly get     server: 'cloudflare' } ]
103 verbose etag https://registry.npmjs.org/encodeurl from cache
104 verbose get saving encodeurl to /home/alex/.npm/registry.npmjs.org/encodeurl/.cache.json
105 silly resolveWithNewModule encodeurl@1.0.2 checking installable status
106 silly cache add args [ 'encodeurl@~1.0.2', null ]
107 verbose cache add spec encodeurl@~1.0.2
108 silly cache add parsed spec Result {
108 silly cache add   raw: 'encodeurl@~1.0.2',
108 silly cache add   scope: null,
108 silly cache add   name: 'encodeurl',
108 silly cache add   rawSpec: '~1.0.2',
108 silly cache add   spec: '>=1.0.2 <1.1.0',
108 silly cache add   type: 'range' }
109 silly addNamed encodeurl@>=1.0.2 <1.1.0
110 verbose addNamed ">=1.0.2 <1.1.0" is a valid semver range for encodeurl
111 silly addNameRange { name: 'encodeurl', range: '>=1.0.2 <1.1.0', hasData: false }
112 silly mapToRegistry name encodeurl
113 silly mapToRegistry using default registry
114 silly mapToRegistry registry https://registry.npmjs.org/
115 silly mapToRegistry uri https://registry.npmjs.org/encodeurl
116 verbose addNameRange registry:https://registry.npmjs.org/encodeurl not in flight; fetching
117 verbose get https://registry.npmjs.org/encodeurl not expired, no request
118 silly addNameRange number 2 { name: 'encodeurl', range: '>=1.0.2 <1.1.0', hasData: true }
119 silly addNameRange versions [ 'encodeurl', [ '1.0.0', '1.0.1', '1.0.2' ] ]
120 silly addNamed encodeurl@1.0.2
121 verbose addNamed "1.0.2" is a plain semver version for encodeurl
122 silly cache afterAdd encodeurl@1.0.2
123 verbose afterAdd /home/alex/.npm/encodeurl/1.0.2/package/package.json not in flight; writing
124 verbose afterAdd /home/alex/.npm/encodeurl/1.0.2/package/package.json written
125 http 304 https://registry.npmjs.org/parseurl
126 verbose headers { date: 'Sun, 16 Sep 2018 15:31:21 GMT',
126 verbose headers   connection: 'keep-alive',
126 verbose headers   'set-cookie':
126 verbose headers    [ '__cfduid=df7012731c57bc6360b2bd04df65a54381537111881; expires=Mon, 16-Sep-19 15:31:21 GMT; path=/; domain=.registry.npmjs.org; HttpOnly' ],
126 verbose headers   'cf-cache-status': 'HIT',
126 verbose headers   'cache-control': 'max-age=300',
126 verbose headers   'cf-ray': '45b461294e6190b3-DME',
126 verbose headers   etag: '"0ca236afd5556415dd4ced32bdfbe279"',
126 verbose headers   'expect-ct': 'max-age=604800, report-uri="https://report-uri.cloudflare.com/cdn-cgi/beacon/expect-ct"',
126 verbose headers   'last-modified': 'Sun, 27 May 2018 11:52:43 GMT',
126 verbose headers   vary: 'accept-encoding, accept',
126 verbose headers   server: 'cloudflare' }
127 silly get cb [ 304,
127 silly get   { date: 'Sun, 16 Sep 2018 15:31:21 GMT',
127 silly get     connection: 'keep-alive',
127 silly get     'set-cookie':
127 silly get      [ '__cfduid=df7012731c57bc6360b2bd04df65a54381537111881; expires=Mon, 16-Sep-19 15:31:21 GMT; path=/; domain=.registry.npmjs.org; HttpOnly' ],
127 silly get     'cf-cache-status': 'HIT',
127 silly get     'cache-control': 'max-age=300',
127 silly get     'cf-ray': '45b461294e6190b3-DME',
127 silly get     etag: '"0ca236afd5556415dd4ced32bdfbe279"',
127 silly get     'expect-ct': 'max-age=604800, report-uri="https://report-uri.cloudflare.com/cdn-cgi/beacon/expect-ct"',
127 silly get     'last-modified': 'Sun, 27 May 2018 11:52:43 GMT',
127 silly get     vary: 'accept-encoding, accept',
127 silly get     server: 'cloudflare' } ]
128 verbose etag https://registry.npmjs.org/parseurl from cache
129 verbose get saving parseurl to /home/alex/.npm/registry.npmjs.org/parseurl/.cache.json
130 silly resolveWithNewModule parseurl@1.3.2 checking installable status
131 silly cache add args [ 'parseurl@~1.3.2', null ]
132 verbose cache add spec parseurl@~1.3.2
133 silly cache add parsed spec Result {
133 silly cache add   raw: 'parseurl@~1.3.2',
133 silly cache add   scope: null,
133 silly cache add   name: 'parseurl',
133 silly cache add   rawSpec: '~1.3.2',
133 silly cache add   spec: '>=1.3.2 <1.4.0',
133 silly cache add   type: 'range' }
134 silly addNamed parseurl@>=1.3.2 <1.4.0
135 verbose addNamed ">=1.3.2 <1.4.0" is a valid semver range for parseurl
136 silly addNameRange { name: 'parseurl', range: '>=1.3.2 <1.4.0', hasData: false }
137 silly mapToRegistry name parseurl
138 silly mapToRegistry using default registry
139 silly mapToRegistry registry https://registry.npmjs.org/
140 silly mapToRegistry uri https://registry.npmjs.org/parseurl
141 verbose addNameRange registry:https://registry.npmjs.org/parseurl not in flight; fetching
142 verbose get https://registry.npmjs.org/parseurl not expired, no request
143 silly addNameRange number 2 { name: 'parseurl', range: '>=1.3.2 <1.4.0', hasData: true }
144 silly addNameRange versions [ 'parseurl',
144 silly addNameRange   [ '1.0.0',
144 silly addNameRange     '1.0.1',
144 silly addNameRange     '1.1.0',
144 silly addNameRange     '1.1.1',
144 silly addNameRange     '1.1.2',
144 silly addNameRange     '1.1.3',
144 silly addNameRange     '1.2.0',
144 silly addNameRange     '1.3.0',
144 silly addNameRange     '1.3.1',
144 silly addNameRange     '1.3.2' ] ]
145 silly addNamed parseurl@1.3.2
146 verbose addNamed "1.3.2" is a plain semver version for parseurl
147 silly cache afterAdd parseurl@1.3.2
148 verbose afterAdd /home/alex/.npm/parseurl/1.3.2/package/package.json not in flight; writing
149 verbose afterAdd /home/alex/.npm/parseurl/1.3.2/package/package.json written
150 http 304 https://registry.npmjs.org/send
151 verbose headers { date: 'Sun, 16 Sep 2018 15:31:21 GMT',
151 verbose headers   connection: 'keep-alive',
151 verbose headers   'set-cookie':
151 verbose headers    [ '__cfduid=de9d7aada38e76bbc037a2beb5a005fd51537111881; expires=Mon, 16-Sep-19 15:31:21 GMT; path=/; domain=.registry.npmjs.org; HttpOnly' ],
151 verbose headers   'cf-cache-status': 'HIT',
151 verbose headers   'cache-control': 'max-age=300',
151 verbose headers   'cf-ray': '45b461295c578e91-DME',
151 verbose headers   etag: '"1ad685c40371ecdf81bd1d0fcdec39fd"',
151 verbose headers   'expect-ct': 'max-age=604800, report-uri="https://report-uri.cloudflare.com/cdn-cgi/beacon/expect-ct"',
151 verbose headers   'last-modified': 'Sun, 27 May 2018 16:58:00 GMT',
151 verbose headers   vary: 'accept-encoding, accept',
151 verbose headers   server: 'cloudflare' }
152 silly get cb [ 304,
152 silly get   { date: 'Sun, 16 Sep 2018 15:31:21 GMT',
152 silly get     connection: 'keep-alive',
152 silly get     'set-cookie':
152 silly get      [ '__cfduid=de9d7aada38e76bbc037a2beb5a005fd51537111881; expires=Mon, 16-Sep-19 15:31:21 GMT; path=/; domain=.registry.npmjs.org; HttpOnly' ],
152 silly get     'cf-cache-status': 'HIT',
152 silly get     'cache-control': 'max-age=300',
152 silly get     'cf-ray': '45b461295c578e91-DME',
152 silly get     etag: '"1ad685c40371ecdf81bd1d0fcdec39fd"',
152 silly get     'expect-ct': 'max-age=604800, report-uri="https://report-uri.cloudflare.com/cdn-cgi/beacon/expect-ct"',
152 silly get     'last-modified': 'Sun, 27 May 2018 16:58:00 GMT',
152 silly get     vary: 'accept-encoding, accept',
152 silly get     server: 'cloudflare' } ]
153 verbose etag https://registry.npmjs.org/send from cache
154 verbose get saving send to /home/alex/.npm/registry.npmjs.org/send/.cache.json
155 silly resolveWithNewModule send@0.16.2 checking installable status
156 silly cache add args [ 'send@0.16.2', null ]
157 verbose cache add spec send@0.16.2
158 silly cache add parsed spec Result {
158 silly cache add   raw: 'send@0.16.2',
158 silly cache add   scope: null,
158 silly cache add   name: 'send',
158 silly cache add   rawSpec: '0.16.2',
158 silly cache add   spec: '0.16.2',
158 silly cache add   type: 'version' }
159 silly addNamed send@0.16.2
160 verbose addNamed "0.16.2" is a plain semver version for send
161 silly mapToRegistry name send
162 silly mapToRegistry using default registry
163 silly mapToRegistry registry https://registry.npmjs.org/
164 silly mapToRegistry uri https://registry.npmjs.org/send
165 verbose addNameVersion registry:https://registry.npmjs.org/send not in flight; fetching
166 verbose get https://registry.npmjs.org/send not expired, no request
167 silly cache afterAdd send@0.16.2
168 verbose afterAdd /home/alex/.npm/send/0.16.2/package/package.json not in flight; writing
169 verbose afterAdd /home/alex/.npm/send/0.16.2/package/package.json written
170 http 304 https://registry.npmjs.org/escape-html
171 verbose headers { date: 'Sun, 16 Sep 2018 15:31:21 GMT',
171 verbose headers   connection: 'keep-alive',
171 verbose headers   'set-cookie':
171 verbose headers    [ '__cfduid=df7012731c57bc6360b2bd04df65a54381537111881; expires=Mon, 16-Sep-19 15:31:21 GMT; path=/; domain=.registry.npmjs.org; HttpOnly' ],
171 verbose headers   'cf-cache-status': 'HIT',
171 verbose headers   'cache-control': 'max-age=300',
171 verbose headers   'cf-ray': '45b4612afee590b3-DME',
171 verbose headers   etag: '"0e25282cc58c9d541c73e755ecde5489"',
171 verbose headers   'expect-ct': 'max-age=604800, report-uri="https://report-uri.cloudflare.com/cdn-cgi/beacon/expect-ct"',
171 verbose headers   'last-modified': 'Sat, 26 May 2018 23:42:58 GMT',
171 verbose headers   vary: 'accept-encoding, accept',
171 verbose headers   server: 'cloudflare' }
172 silly get cb [ 304,
172 silly get   { date: 'Sun, 16 Sep 2018 15:31:21 GMT',
172 silly get     connection: 'keep-alive',
172 silly get     'set-cookie':
172 silly get      [ '__cfduid=df7012731c57bc6360b2bd04df65a54381537111881; expires=Mon, 16-Sep-19 15:31:21 GMT; path=/; domain=.registry.npmjs.org; HttpOnly' ],
172 silly get     'cf-cache-status': 'HIT',
172 silly get     'cache-control': 'max-age=300',
172 silly get     'cf-ray': '45b4612afee590b3-DME',
172 silly get     etag: '"0e25282cc58c9d541c73e755ecde5489"',
172 silly get     'expect-ct': 'max-age=604800, report-uri="https://report-uri.cloudflare.com/cdn-cgi/beacon/expect-ct"',
172 silly get     'last-modified': 'Sat, 26 May 2018 23:42:58 GMT',
172 silly get     vary: 'accept-encoding, accept',
172 silly get     server: 'cloudflare' } ]
173 verbose etag https://registry.npmjs.org/escape-html from cache
174 verbose get saving escape-html to /home/alex/.npm/registry.npmjs.org/escape-html/.cache.json
175 silly resolveWithNewModule escape-html@1.0.3 checking installable status
176 silly cache add args [ 'escape-html@~1.0.3', null ]
177 verbose cache add spec escape-html@~1.0.3
178 silly cache add parsed spec Result {
178 silly cache add   raw: 'escape-html@~1.0.3',
178 silly cache add   scope: null,
178 silly cache add   name: 'escape-html',
178 silly cache add   rawSpec: '~1.0.3',
178 silly cache add   spec: '>=1.0.3 <1.1.0',
178 silly cache add   type: 'range' }
179 silly addNamed escape-html@>=1.0.3 <1.1.0
180 verbose addNamed ">=1.0.3 <1.1.0" is a valid semver range for escape-html
181 silly addNameRange { name: 'escape-html', range: '>=1.0.3 <1.1.0', hasData: false }
182 silly mapToRegistry name escape-html
183 silly mapToRegistry using default registry
184 silly mapToRegistry registry https://registry.npmjs.org/
185 silly mapToRegistry uri https://registry.npmjs.org/escape-html
186 verbose addNameRange registry:https://registry.npmjs.org/escape-html not in flight; fetching
187 verbose get https://registry.npmjs.org/escape-html not expired, no request
188 silly addNameRange number 2 { name: 'escape-html', range: '>=1.0.3 <1.1.0', hasData: true }
189 silly addNameRange versions [ 'escape-html',
189 silly addNameRange   [ '0.0.1', '1.0.0', '1.0.1', '1.0.2', '1.0.3' ] ]
190 silly addNamed escape-html@1.0.3
191 verbose addNamed "1.0.3" is a plain semver version for escape-html
192 silly cache afterAdd escape-html@1.0.3
193 verbose afterAdd /home/alex/.npm/escape-html/1.0.3/package/package.json not in flight; writing
194 verbose afterAdd /home/alex/.npm/escape-html/1.0.3/package/package.json written
195 silly fetchNamedPackageData debug
196 silly mapToRegistry name debug
197 silly mapToRegistry using default registry
198 silly mapToRegistry registry https://registry.npmjs.org/
199 silly mapToRegistry uri https://registry.npmjs.org/debug
200 silly fetchNamedPackageData depd
201 silly mapToRegistry name depd
202 silly mapToRegistry using default registry
203 silly mapToRegistry registry https://registry.npmjs.org/
204 silly mapToRegistry uri https://registry.npmjs.org/depd
205 silly fetchNamedPackageData destroy
206 silly mapToRegistry name destroy
207 silly mapToRegistry using default registry
208 silly mapToRegistry registry https://registry.npmjs.org/
209 silly mapToRegistry uri https://registry.npmjs.org/destroy
210 silly fetchNamedPackageData etag
211 silly mapToRegistry name etag
212 silly mapToRegistry using default registry
213 silly mapToRegistry registry https://registry.npmjs.org/
214 silly mapToRegistry uri https://registry.npmjs.org/etag
215 silly fetchNamedPackageData fresh
216 silly mapToRegistry name fresh
217 silly mapToRegistry using default registry
218 silly mapToRegistry registry https://registry.npmjs.org/
219 silly mapToRegistry uri https://registry.npmjs.org/fresh
220 silly fetchNamedPackageData http-errors
221 silly mapToRegistry name http-errors
222 silly mapToRegistry using default registry
223 silly mapToRegistry registry https://registry.npmjs.org/
224 silly mapToRegistry uri https://registry.npmjs.org/http-errors
225 silly fetchNamedPackageData mime
226 silly mapToRegistry name mime
227 silly mapToRegistry using default registry
228 silly mapToRegistry registry https://registry.npmjs.org/
229 silly mapToRegistry uri https://registry.npmjs.org/mime
230 silly fetchNamedPackageData ms
231 silly mapToRegistry name ms
232 silly mapToRegistry using default registry
233 silly mapToRegistry registry https://registry.npmjs.org/
234 silly mapToRegistry uri https://registry.npmjs.org/ms
235 silly fetchNamedPackageData on-finished
236 silly mapToRegistry name on-finished
237 silly mapToRegistry using default registry
238 silly mapToRegistry registry https://registry.npmjs.org/
239 silly mapToRegistry uri https://registry.npmjs.org/on-finished
240 silly fetchNamedPackageData range-parser
241 silly mapToRegistry name range-parser
242 silly mapToRegistry using default registry
243 silly mapToRegistry registry https://registry.npmjs.org/
244 silly mapToRegistry uri https://registry.npmjs.org/range-parser
245 silly fetchNamedPackageData statuses
246 silly mapToRegistry name statuses
247 silly mapToRegistry using default registry
248 silly mapToRegistry registry https://registry.npmjs.org/
249 silly mapToRegistry uri https://registry.npmjs.org/statuses
250 verbose request uri https://registry.npmjs.org/depd
251 verbose request no auth needed
252 info attempt registry request try #1 at 18:31:21
253 verbose etag W/"9150e87559c898ce3ac0d1c8d2d8ae9b"
254 verbose lastModified Sat, 26 May 2018 21:59:06 GMT
255 http request GET https://registry.npmjs.org/depd
256 verbose request uri https://registry.npmjs.org/destroy
257 verbose request no auth needed
258 info attempt registry request try #1 at 18:31:21
259 verbose etag W/"c33a7390e8e72812341c3025db5e094c"
260 verbose lastModified Sat, 26 May 2018 22:01:33 GMT
261 http request GET https://registry.npmjs.org/destroy
262 verbose request uri https://registry.npmjs.org/debug
263 verbose request no auth needed
264 info attempt registry request try #1 at 18:31:21
265 verbose etag W/"519fa9eb4eadccc1cf1b59c83a1bb903"
266 verbose lastModified Tue, 11 Sep 2018 23:16:38 GMT
267 http request GET https://registry.npmjs.org/debug
268 verbose request uri https://registry.npmjs.org/etag
269 verbose request no auth needed
270 info attempt registry request try #1 at 18:31:21
271 verbose etag W/"3428030b0bc192f1c8291d71bd6b5b39"
272 verbose lastModified Sat, 26 May 2018 23:56:55 GMT
273 http request GET https://registry.npmjs.org/etag
274 verbose request uri https://registry.npmjs.org/fresh
275 verbose request no auth needed
276 info attempt registry request try #1 at 18:31:21
277 verbose etag W/"092d52257f901f34f8447d9310e126e9"
278 verbose lastModified Sun, 27 May 2018 01:14:26 GMT
279 http request GET https://registry.npmjs.org/fresh
280 verbose request uri https://registry.npmjs.org/http-errors
281 verbose request no auth needed
282 info attempt registry request try #1 at 18:31:21
283 verbose etag W/"18d5dcd33e8fcce01a42d16122cc00de"
284 verbose lastModified Sat, 08 Sep 2018 22:16:36 GMT
285 http request GET https://registry.npmjs.org/http-errors
286 verbose request uri https://registry.npmjs.org/mime
287 verbose request no auth needed
288 info attempt registry request try #1 at 18:31:21
289 verbose etag W/"7b69e66227b47c1562b39f2deb8dfaae"
290 verbose lastModified Sun, 27 May 2018 08:04:30 GMT
291 http request GET https://registry.npmjs.org/mime
292 verbose request uri https://registry.npmjs.org/ms
293 verbose request no auth needed
294 info attempt registry request try #1 at 18:31:21
295 verbose etag W/"c4a0ab4f116dc1745243122879e62f93"
296 verbose lastModified Fri, 03 Aug 2018 01:28:24 GMT
297 http request GET https://registry.npmjs.org/ms
298 verbose request uri https://registry.npmjs.org/on-finished
299 verbose request no auth needed
300 info attempt registry request try #1 at 18:31:21
301 verbose etag W/"a7d1294e0e1e0b4288624656370afdf8"
302 verbose lastModified Sun, 27 May 2018 11:10:48 GMT
303 http request GET https://registry.npmjs.org/on-finished
304 verbose request uri https://registry.npmjs.org/range-parser
305 verbose request no auth needed
306 info attempt registry request try #1 at 18:31:21
307 verbose etag W/"94457535a5cd0af8d1243af5ff9248a6"
308 verbose lastModified Sun, 27 May 2018 13:35:00 GMT
309 http request GET https://registry.npmjs.org/range-parser
310 verbose request uri https://registry.npmjs.org/statuses
311 verbose request no auth needed
312 info attempt registry request try #1 at 18:31:21
313 verbose etag W/"63bd661bf9a9201656ac6315e90f01bd"
314 verbose lastModified Sun, 27 May 2018 18:14:13 GMT
315 http request GET https://registry.npmjs.org/statuses
316 http 304 https://registry.npmjs.org/debug
317 verbose headers { date: 'Sun, 16 Sep 2018 15:31:21 GMT',
317 verbose headers   connection: 'keep-alive',
317 verbose headers   'set-cookie':
317 verbose headers    [ '__cfduid=de9d7aada38e76bbc037a2beb5a005fd51537111881; expires=Mon, 16-Sep-19 15:31:21 GMT; path=/; domain=.registry.npmjs.org; HttpOnly' ],
317 verbose headers   'cf-cache-status': 'HIT',
317 verbose headers   'cache-control': 'max-age=300',
317 verbose headers   'cf-ray': '45b4612b7d668e91-DME',
317 verbose headers   etag: '"519fa9eb4eadccc1cf1b59c83a1bb903"',
317 verbose headers   'expect-ct': 'max-age=604800, report-uri="https://report-uri.cloudflare.com/cdn-cgi/beacon/expect-ct"',
317 verbose headers   'last-modified': 'Tue, 11 Sep 2018 23:16:38 GMT',
317 verbose headers   vary: 'accept-encoding, accept',
317 verbose headers   'x-amz-meta-rev': '893-5fb25e9ddfb923342cf1af9e792c14a2',
317 verbose headers   server: 'cloudflare' }
318 silly get cb [ 304,
318 silly get   { date: 'Sun, 16 Sep 2018 15:31:21 GMT',
318 silly get     connection: 'keep-alive',
318 silly get     'set-cookie':
318 silly get      [ '__cfduid=de9d7aada38e76bbc037a2beb5a005fd51537111881; expires=Mon, 16-Sep-19 15:31:21 GMT; path=/; domain=.registry.npmjs.org; HttpOnly' ],
318 silly get     'cf-cache-status': 'HIT',
318 silly get     'cache-control': 'max-age=300',
318 silly get     'cf-ray': '45b4612b7d668e91-DME',
318 silly get     etag: '"519fa9eb4eadccc1cf1b59c83a1bb903"',
318 silly get     'expect-ct': 'max-age=604800, report-uri="https://report-uri.cloudflare.com/cdn-cgi/beacon/expect-ct"',
318 silly get     'last-modified': 'Tue, 11 Sep 2018 23:16:38 GMT',
318 silly get     vary: 'accept-encoding, accept',
318 silly get     'x-amz-meta-rev': '893-5fb25e9ddfb923342cf1af9e792c14a2',
318 silly get     server: 'cloudflare' } ]
319 verbose etag https://registry.npmjs.org/debug from cache
320 verbose get saving debug to /home/alex/.npm/registry.npmjs.org/debug/.cache.json
321 http 304 https://registry.npmjs.org/etag
322 verbose headers { date: 'Sun, 16 Sep 2018 15:31:21 GMT',
322 verbose headers   connection: 'keep-alive',
322 verbose headers   'set-cookie':
322 verbose headers    [ '__cfduid=df7012731c57bc6360b2bd04df65a54381537111881; expires=Mon, 16-Sep-19 15:31:21 GMT; path=/; domain=.registry.npmjs.org; HttpOnly' ],
322 verbose headers   'cf-cache-status': 'HIT',
322 verbose headers   'cache-control': 'max-age=300',
322 verbose headers   'cf-ray': '45b4612b7f0490b3-DME',
322 verbose headers   etag: '"3428030b0bc192f1c8291d71bd6b5b39"',
322 verbose headers   'expect-ct': 'max-age=604800, report-uri="https://report-uri.cloudflare.com/cdn-cgi/beacon/expect-ct"',
322 verbose headers   'last-modified': 'Sat, 26 May 2018 23:56:55 GMT',
322 verbose headers   vary: 'accept-encoding, accept',
322 verbose headers   server: 'cloudflare' }
323 silly get cb [ 304,
323 silly get   { date: 'Sun, 16 Sep 2018 15:31:21 GMT',
323 silly get     connection: 'keep-alive',
323 silly get     'set-cookie':
323 silly get      [ '__cfduid=df7012731c57bc6360b2bd04df65a54381537111881; expires=Mon, 16-Sep-19 15:31:21 GMT; path=/; domain=.registry.npmjs.org; HttpOnly' ],
323 silly get     'cf-cache-status': 'HIT',
323 silly get     'cache-control': 'max-age=300',
323 silly get     'cf-ray': '45b4612b7f0490b3-DME',
323 silly get     etag: '"3428030b0bc192f1c8291d71bd6b5b39"',
323 silly get     'expect-ct': 'max-age=604800, report-uri="https://report-uri.cloudflare.com/cdn-cgi/beacon/expect-ct"',
323 silly get     'last-modified': 'Sat, 26 May 2018 23:56:55 GMT',
323 silly get     vary: 'accept-encoding, accept',
323 silly get     server: 'cloudflare' } ]
324 verbose etag https://registry.npmjs.org/etag from cache
325 verbose get saving etag to /home/alex/.npm/registry.npmjs.org/etag/.cache.json
326 http 304 https://registry.npmjs.org/depd
327 verbose headers { date: 'Sun, 16 Sep 2018 15:31:21 GMT',
327 verbose headers   connection: 'keep-alive',
327 verbose headers   'set-cookie':
327 verbose headers    [ '__cfduid=de9d7aada38e76bbc037a2beb5a005fd51537111881; expires=Mon, 16-Sep-19 15:31:21 GMT; path=/; domain=.registry.npmjs.org; HttpOnly' ],
327 verbose headers   'cf-cache-status': 'HIT',
327 verbose headers   'cache-control': 'max-age=300',
327 verbose headers   'cf-ray': '45b4612b8d688e91-DME',
327 verbose headers   etag: '"9150e87559c898ce3ac0d1c8d2d8ae9b"',
327 verbose headers   'expect-ct': 'max-age=604800, report-uri="https://report-uri.cloudflare.com/cdn-cgi/beacon/expect-ct"',
327 verbose headers   'last-modified': 'Sat, 26 May 2018 21:59:06 GMT',
327 verbose headers   vary: 'accept-encoding, accept',
327 verbose headers   server: 'cloudflare' }
328 silly get cb [ 304,
328 silly get   { date: 'Sun, 16 Sep 2018 15:31:21 GMT',
328 silly get     connection: 'keep-alive',
328 silly get     'set-cookie':
328 silly get      [ '__cfduid=de9d7aada38e76bbc037a2beb5a005fd51537111881; expires=Mon, 16-Sep-19 15:31:21 GMT; path=/; domain=.registry.npmjs.org; HttpOnly' ],
328 silly get     'cf-cache-status': 'HIT',
328 silly get     'cache-control': 'max-age=300',
328 silly get     'cf-ray': '45b4612b8d688e91-DME',
328 silly get     etag: '"9150e87559c898ce3ac0d1c8d2d8ae9b"',
328 silly get     'expect-ct': 'max-age=604800, report-uri="https://report-uri.cloudflare.com/cdn-cgi/beacon/expect-ct"',
328 silly get     'last-modified': 'Sat, 26 May 2018 21:59:06 GMT',
328 silly get     vary: 'accept-encoding, accept',
328 silly get     server: 'cloudflare' } ]
329 verbose etag https://registry.npmjs.org/depd from cache
330 verbose get saving depd to /home/alex/.npm/registry.npmjs.org/depd/.cache.json
331 http 304 https://registry.npmjs.org/destroy
332 verbose headers { date: 'Sun, 16 Sep 2018 15:31:21 GMT',
332 verbose headers   connection: 'keep-alive',
332 verbose headers   'set-cookie':
332 verbose headers    [ '__cfduid=df7012731c57bc6360b2bd04df65a54381537111881; expires=Mon, 16-Sep-19 15:31:21 GMT; path=/; domain=.registry.npmjs.org; HttpOnly' ],
332 verbose headers   'cf-cache-status': 'HIT',
332 verbose headers   'cache-control': 'max-age=300',
332 verbose headers   'cf-ray': '45b4612b8f0590b3-DME',
332 verbose headers   etag: '"c33a7390e8e72812341c3025db5e094c"',
332 verbose headers   'expect-ct': 'max-age=604800, report-uri="https://report-uri.cloudflare.com/cdn-cgi/beacon/expect-ct"',
332 verbose headers   'last-modified': 'Sat, 26 May 2018 22:01:33 GMT',
332 verbose headers   vary: 'accept-encoding, accept',
332 verbose headers   server: 'cloudflare' }
333 silly get cb [ 304,
333 silly get   { date: 'Sun, 16 Sep 2018 15:31:21 GMT',
333 silly get     connection: 'keep-alive',
333 silly get     'set-cookie':
333 silly get      [ '__cfduid=df7012731c57bc6360b2bd04df65a54381537111881; expires=Mon, 16-Sep-19 15:31:21 GMT; path=/; domain=.registry.npmjs.org; HttpOnly' ],
333 silly get     'cf-cache-status': 'HIT',
333 silly get     'cache-control': 'max-age=300',
333 silly get     'cf-ray': '45b4612b8f0590b3-DME',
333 silly get     etag: '"c33a7390e8e72812341c3025db5e094c"',
333 silly get     'expect-ct': 'max-age=604800, report-uri="https://report-uri.cloudflare.com/cdn-cgi/beacon/expect-ct"',
333 silly get     'last-modified': 'Sat, 26 May 2018 22:01:33 GMT',
333 silly get     vary: 'accept-encoding, accept',
333 silly get     server: 'cloudflare' } ]
334 verbose etag https://registry.npmjs.org/destroy from cache
335 verbose get saving destroy to /home/alex/.npm/registry.npmjs.org/destroy/.cache.json
336 silly resolveWithNewModule etag@1.8.1 checking installable status
337 silly cache add args [ 'etag@~1.8.1', null ]
338 verbose cache add spec etag@~1.8.1
339 silly cache add parsed spec Result {
339 silly cache add   raw: 'etag@~1.8.1',
339 silly cache add   scope: null,
339 silly cache add   name: 'etag',
339 silly cache add   rawSpec: '~1.8.1',
339 silly cache add   spec: '>=1.8.1 <1.9.0',
339 silly cache add   type: 'range' }
340 silly addNamed etag@>=1.8.1 <1.9.0
341 verbose addNamed ">=1.8.1 <1.9.0" is a valid semver range for etag
342 silly addNameRange { name: 'etag', range: '>=1.8.1 <1.9.0', hasData: false }
343 silly mapToRegistry name etag
344 silly mapToRegistry using default registry
345 silly mapToRegistry registry https://registry.npmjs.org/
346 silly mapToRegistry uri https://registry.npmjs.org/etag
347 verbose addNameRange registry:https://registry.npmjs.org/etag not in flight; fetching
348 silly resolveWithNewModule debug@2.6.9 checking installable status
349 silly cache add args [ 'debug@2.6.9', null ]
350 verbose cache add spec debug@2.6.9
351 silly cache add parsed spec Result {
351 silly cache add   raw: 'debug@2.6.9',
351 silly cache add   scope: null,
351 silly cache add   name: 'debug',
351 silly cache add   rawSpec: '2.6.9',
351 silly cache add   spec: '2.6.9',
351 silly cache add   type: 'version' }
352 silly addNamed debug@2.6.9
353 verbose addNamed "2.6.9" is a plain semver version for debug
354 silly mapToRegistry name debug
355 silly mapToRegistry using default registry
356 silly mapToRegistry registry https://registry.npmjs.org/
357 silly mapToRegistry uri https://registry.npmjs.org/debug
358 verbose addNameVersion registry:https://registry.npmjs.org/debug not in flight; fetching
359 silly resolveWithNewModule depd@1.1.2 checking installable status
360 silly cache add args [ 'depd@~1.1.2', null ]
361 verbose cache add spec depd@~1.1.2
362 silly cache add parsed spec Result {
362 silly cache add   raw: 'depd@~1.1.2',
362 silly cache add   scope: null,
362 silly cache add   name: 'depd',
362 silly cache add   rawSpec: '~1.1.2',
362 silly cache add   spec: '>=1.1.2 <1.2.0',
362 silly cache add   type: 'range' }
363 silly addNamed depd@>=1.1.2 <1.2.0
364 verbose addNamed ">=1.1.2 <1.2.0" is a valid semver range for depd
365 silly addNameRange { name: 'depd', range: '>=1.1.2 <1.2.0', hasData: false }
366 silly mapToRegistry name depd
367 silly mapToRegistry using default registry
368 silly mapToRegistry registry https://registry.npmjs.org/
369 silly mapToRegistry uri https://registry.npmjs.org/depd
370 verbose addNameRange registry:https://registry.npmjs.org/depd not in flight; fetching
371 silly resolveWithNewModule destroy@1.0.4 checking installable status
372 silly cache add args [ 'destroy@~1.0.4', null ]
373 verbose cache add spec destroy@~1.0.4
374 silly cache add parsed spec Result {
374 silly cache add   raw: 'destroy@~1.0.4',
374 silly cache add   scope: null,
374 silly cache add   name: 'destroy',
374 silly cache add   rawSpec: '~1.0.4',
374 silly cache add   spec: '>=1.0.4 <1.1.0',
374 silly cache add   type: 'range' }
375 silly addNamed destroy@>=1.0.4 <1.1.0
376 verbose addNamed ">=1.0.4 <1.1.0" is a valid semver range for destroy
377 silly addNameRange { name: 'destroy', range: '>=1.0.4 <1.1.0', hasData: false }
378 silly mapToRegistry name destroy
379 silly mapToRegistry using default registry
380 silly mapToRegistry registry https://registry.npmjs.org/
381 silly mapToRegistry uri https://registry.npmjs.org/destroy
382 verbose addNameRange registry:https://registry.npmjs.org/destroy not in flight; fetching
383 verbose get https://registry.npmjs.org/etag not expired, no request
384 silly addNameRange number 2 { name: 'etag', range: '>=1.8.1 <1.9.0', hasData: true }
385 silly addNameRange versions [ 'etag',
385 silly addNameRange   [ '1.0.0',
385 silly addNameRange     '1.0.1',
385 silly addNameRange     '1.1.0',
385 silly addNameRange     '1.2.0',
385 silly addNameRange     '1.2.1',
385 silly addNameRange     '1.3.0',
385 silly addNameRange     '1.3.1',
385 silly addNameRange     '1.4.0',
385 silly addNameRange     '1.5.0',
385 silly addNameRange     '1.5.1',
385 silly addNameRange     '1.6.0',
385 silly addNameRange     '1.7.0',
385 silly addNameRange     '1.8.0',
385 silly addNameRange     '1.8.1' ] ]
386 silly addNamed etag@1.8.1
387 verbose addNamed "1.8.1" is a plain semver version for etag
388 verbose get https://registry.npmjs.org/depd not expired, no request
389 silly addNameRange number 2 { name: 'depd', range: '>=1.1.2 <1.2.0', hasData: true }
390 silly addNameRange versions [ 'depd',
390 silly addNameRange   [ '0.0.0',
390 silly addNameRange     '0.0.1',
390 silly addNameRange     '0.1.0',
390 silly addNameRange     '0.2.0',
390 silly addNameRange     '0.3.0',
390 silly addNameRange     '0.4.0',
390 silly addNameRange     '0.4.1',
390 silly addNameRange     '0.4.2',
390 silly addNameRange     '0.4.3',
390 silly addNameRange     '0.4.4',
390 silly addNameRange     '0.4.5',
390 silly addNameRange     '1.0.0',
390 silly addNameRange     '1.0.1',
390 silly addNameRange     '1.1.0',
390 silly addNameRange     '1.1.1',
390 silly addNameRange     '1.1.2' ] ]
391 silly addNamed depd@1.1.2
392 verbose addNamed "1.1.2" is a plain semver version for depd
393 verbose get https://registry.npmjs.org/debug not expired, no request
394 verbose get https://registry.npmjs.org/destroy not expired, no request
395 silly addNameRange number 2 { name: 'destroy', range: '>=1.0.4 <1.1.0', hasData: true }
396 silly addNameRange versions [ 'destroy', [ '1.0.3', '1.0.4' ] ]
397 silly addNamed destroy@1.0.4
398 verbose addNamed "1.0.4" is a plain semver version for destroy
399 silly cache afterAdd etag@1.8.1
400 verbose afterAdd /home/alex/.npm/etag/1.8.1/package/package.json not in flight; writing
401 silly cache afterAdd depd@1.1.2
402 verbose afterAdd /home/alex/.npm/depd/1.1.2/package/package.json not in flight; writing
403 silly cache afterAdd debug@2.6.9
404 verbose afterAdd /home/alex/.npm/debug/2.6.9/package/package.json not in flight; writing
405 silly cache afterAdd destroy@1.0.4
406 verbose afterAdd /home/alex/.npm/destroy/1.0.4/package/package.json not in flight; writing
407 verbose afterAdd /home/alex/.npm/debug/2.6.9/package/package.json written
408 verbose afterAdd /home/alex/.npm/etag/1.8.1/package/package.json written
409 verbose afterAdd /home/alex/.npm/depd/1.1.2/package/package.json written
410 verbose afterAdd /home/alex/.npm/destroy/1.0.4/package/package.json written
411 http 304 https://registry.npmjs.org/mime
412 verbose headers { date: 'Sun, 16 Sep 2018 15:31:21 GMT',
412 verbose headers   connection: 'keep-alive',
412 verbose headers   'set-cookie':
412 verbose headers    [ '__cfduid=d2aecac563893353aa658d3b2b711de611537111881; expires=Mon, 16-Sep-19 15:31:21 GMT; path=/; domain=.registry.npmjs.org; HttpOnly' ],
412 verbose headers   'cf-cache-status': 'HIT',
412 verbose headers   'cache-control': 'max-age=300',
412 verbose headers   'cf-ray': '45b4612bbd9390a1-DME',
412 verbose headers   etag: '"7b69e66227b47c1562b39f2deb8dfaae"',
412 verbose headers   'expect-ct': 'max-age=604800, report-uri="https://report-uri.cloudflare.com/cdn-cgi/beacon/expect-ct"',
412 verbose headers   'last-modified': 'Sun, 27 May 2018 08:04:30 GMT',
412 verbose headers   vary: 'accept-encoding, accept',
412 verbose headers   server: 'cloudflare' }
413 silly get cb [ 304,
413 silly get   { date: 'Sun, 16 Sep 2018 15:31:21 GMT',
413 silly get     connection: 'keep-alive',
413 silly get     'set-cookie':
413 silly get      [ '__cfduid=d2aecac563893353aa658d3b2b711de611537111881; expires=Mon, 16-Sep-19 15:31:21 GMT; path=/; domain=.registry.npmjs.org; HttpOnly' ],
413 silly get     'cf-cache-status': 'HIT',
413 silly get     'cache-control': 'max-age=300',
413 silly get     'cf-ray': '45b4612bbd9390a1-DME',
413 silly get     etag: '"7b69e66227b47c1562b39f2deb8dfaae"',
413 silly get     'expect-ct': 'max-age=604800, report-uri="https://report-uri.cloudflare.com/cdn-cgi/beacon/expect-ct"',
413 silly get     'last-modified': 'Sun, 27 May 2018 08:04:30 GMT',
413 silly get     vary: 'accept-encoding, accept',
413 silly get     server: 'cloudflare' } ]
414 verbose etag https://registry.npmjs.org/mime from cache
415 verbose get saving mime to /home/alex/.npm/registry.npmjs.org/mime/.cache.json
416 http 304 https://registry.npmjs.org/on-finished
417 verbose headers { date: 'Sun, 16 Sep 2018 15:31:21 GMT',
417 verbose headers   connection: 'keep-alive',
417 verbose headers   'set-cookie':
417 verbose headers    [ '__cfduid=de9d7aada38e76bbc037a2beb5a005fd51537111881; expires=Mon, 16-Sep-19 15:31:21 GMT; path=/; domain=.registry.npmjs.org; HttpOnly' ],
417 verbose headers   'cf-cache-status': 'HIT',
417 verbose headers   'cache-control': 'max-age=300',
417 verbose headers   'cf-ray': '45b4612bcd9a8e91-DME',
417 verbose headers   etag: '"a7d1294e0e1e0b4288624656370afdf8"',
417 verbose headers   'expect-ct': 'max-age=604800, report-uri="https://report-uri.cloudflare.com/cdn-cgi/beacon/expect-ct"',
417 verbose headers   'last-modified': 'Sun, 27 May 2018 11:10:48 GMT',
417 verbose headers   vary: 'accept-encoding, accept',
417 verbose headers   server: 'cloudflare' }
418 silly get cb [ 304,
418 silly get   { date: 'Sun, 16 Sep 2018 15:31:21 GMT',
418 silly get     connection: 'keep-alive',
418 silly get     'set-cookie':
418 silly get      [ '__cfduid=de9d7aada38e76bbc037a2beb5a005fd51537111881; expires=Mon, 16-Sep-19 15:31:21 GMT; path=/; domain=.registry.npmjs.org; HttpOnly' ],
418 silly get     'cf-cache-status': 'HIT',
418 silly get     'cache-control': 'max-age=300',
418 silly get     'cf-ray': '45b4612bcd9a8e91-DME',
418 silly get     etag: '"a7d1294e0e1e0b4288624656370afdf8"',
418 silly get     'expect-ct': 'max-age=604800, report-uri="https://report-uri.cloudflare.com/cdn-cgi/beacon/expect-ct"',
418 silly get     'last-modified': 'Sun, 27 May 2018 11:10:48 GMT',
418 silly get     vary: 'accept-encoding, accept',
418 silly get     server: 'cloudflare' } ]
419 verbose etag https://registry.npmjs.org/on-finished from cache
420 verbose get saving on-finished to /home/alex/.npm/registry.npmjs.org/on-finished/.cache.json
421 http 304 https://registry.npmjs.org/fresh
422 verbose headers { date: 'Sun, 16 Sep 2018 15:31:21 GMT',
422 verbose headers   connection: 'keep-alive',
422 verbose headers   'set-cookie':
422 verbose headers    [ '__cfduid=dedb104cf22fe5d821197769a857ad92e1537111881; expires=Mon, 16-Sep-19 15:31:21 GMT; path=/; domain=.registry.npmjs.org; HttpOnly' ],
422 verbose headers   'cf-cache-status': 'HIT',
422 verbose headers   'cache-control': 'max-age=300',
422 verbose headers   'cf-ray': '45b4612bcb3c908f-DME',
422 verbose headers   etag: '"092d52257f901f34f8447d9310e126e9"',
422 verbose headers   'expect-ct': 'max-age=604800, report-uri="https://report-uri.cloudflare.com/cdn-cgi/beacon/expect-ct"',
422 verbose headers   'last-modified': 'Sun, 27 May 2018 01:14:26 GMT',
422 verbose headers   vary: 'accept-encoding, accept',
422 verbose headers   server: 'cloudflare' }
423 silly get cb [ 304,
423 silly get   { date: 'Sun, 16 Sep 2018 15:31:21 GMT',
423 silly get     connection: 'keep-alive',
423 silly get     'set-cookie':
423 silly get      [ '__cfduid=dedb104cf22fe5d821197769a857ad92e1537111881; expires=Mon, 16-Sep-19 15:31:21 GMT; path=/; domain=.registry.npmjs.org; HttpOnly' ],
423 silly get     'cf-cache-status': 'HIT',
423 silly get     'cache-control': 'max-age=300',
423 silly get     'cf-ray': '45b4612bcb3c908f-DME',
423 silly get     etag: '"092d52257f901f34f8447d9310e126e9"',
423 silly get     'expect-ct': 'max-age=604800, report-uri="https://report-uri.cloudflare.com/cdn-cgi/beacon/expect-ct"',
423 silly get     'last-modified': 'Sun, 27 May 2018 01:14:26 GMT',
423 silly get     vary: 'accept-encoding, accept',
423 silly get     server: 'cloudflare' } ]
424 verbose etag https://registry.npmjs.org/fresh from cache
425 verbose get saving fresh to /home/alex/.npm/registry.npmjs.org/fresh/.cache.json
426 http 304 https://registry.npmjs.org/range-parser
427 verbose headers { date: 'Sun, 16 Sep 2018 15:31:21 GMT',
427 verbose headers   connection: 'keep-alive',
427 verbose headers   'set-cookie':
427 verbose headers    [ '__cfduid=d2aecac563893353aa658d3b2b711de611537111881; expires=Mon, 16-Sep-19 15:31:21 GMT; path=/; domain=.registry.npmjs.org; HttpOnly' ],
427 verbose headers   'cf-cache-status': 'HIT',
427 verbose headers   'cache-control': 'max-age=300',
427 verbose headers   'cf-ray': '45b4612bcd9d90a1-DME',
427 verbose headers   etag: '"94457535a5cd0af8d1243af5ff9248a6"',
427 verbose headers   'expect-ct': 'max-age=604800, report-uri="https://report-uri.cloudflare.com/cdn-cgi/beacon/expect-ct"',
427 verbose headers   'last-modified': 'Sun, 27 May 2018 13:35:00 GMT',
427 verbose headers   vary: 'accept-encoding, accept',
427 verbose headers   server: 'cloudflare' }
428 silly get cb [ 304,
428 silly get   { date: 'Sun, 16 Sep 2018 15:31:21 GMT',
428 silly get     connection: 'keep-alive',
428 silly get     'set-cookie':
428 silly get      [ '__cfduid=d2aecac563893353aa658d3b2b711de611537111881; expires=Mon, 16-Sep-19 15:31:21 GMT; path=/; domain=.registry.npmjs.org; HttpOnly' ],
428 silly get     'cf-cache-status': 'HIT',
428 silly get     'cache-control': 'max-age=300',
428 silly get     'cf-ray': '45b4612bcd9d90a1-DME',
428 silly get     etag: '"94457535a5cd0af8d1243af5ff9248a6"',
428 silly get     'expect-ct': 'max-age=604800, report-uri="https://report-uri.cloudflare.com/cdn-cgi/beacon/expect-ct"',
428 silly get     'last-modified': 'Sun, 27 May 2018 13:35:00 GMT',
428 silly get     vary: 'accept-encoding, accept',
428 silly get     server: 'cloudflare' } ]
429 verbose etag https://registry.npmjs.org/range-parser from cache
430 verbose get saving range-parser to /home/alex/.npm/registry.npmjs.org/range-parser/.cache.json
431 http 304 https://registry.npmjs.org/statuses
432 verbose headers { date: 'Sun, 16 Sep 2018 15:31:21 GMT',
432 verbose headers   connection: 'keep-alive',
432 verbose headers   'set-cookie':
432 verbose headers    [ '__cfduid=de9d7aada38e76bbc037a2beb5a005fd51537111881; expires=Mon, 16-Sep-19 15:31:21 GMT; path=/; domain=.registry.npmjs.org; HttpOnly' ],
432 verbose headers   'cf-cache-status': 'HIT',
432 verbose headers   'cache-control': 'max-age=300',
432 verbose headers   'cf-ray': '45b4612bcd9c8e91-DME',
432 verbose headers   etag: '"63bd661bf9a9201656ac6315e90f01bd"',
432 verbose headers   'expect-ct': 'max-age=604800, report-uri="https://report-uri.cloudflare.com/cdn-cgi/beacon/expect-ct"',
432 verbose headers   'last-modified': 'Sun, 27 May 2018 18:14:13 GMT',
432 verbose headers   vary: 'accept-encoding, accept',
432 verbose headers   server: 'cloudflare' }
433 silly get cb [ 304,
433 silly get   { date: 'Sun, 16 Sep 2018 15:31:21 GMT',
433 silly get     connection: 'keep-alive',
433 silly get     'set-cookie':
433 silly get      [ '__cfduid=de9d7aada38e76bbc037a2beb5a005fd51537111881; expires=Mon, 16-Sep-19 15:31:21 GMT; path=/; domain=.registry.npmjs.org; HttpOnly' ],
433 silly get     'cf-cache-status': 'HIT',
433 silly get     'cache-control': 'max-age=300',
433 silly get     'cf-ray': '45b4612bcd9c8e91-DME',
433 silly get     etag: '"63bd661bf9a9201656ac6315e90f01bd"',
433 silly get     'expect-ct': 'max-age=604800, report-uri="https://report-uri.cloudflare.com/cdn-cgi/beacon/expect-ct"',
433 silly get     'last-modified': 'Sun, 27 May 2018 18:14:13 GMT',
433 silly get     vary: 'accept-encoding, accept',
433 silly get     server: 'cloudflare' } ]
434 verbose etag https://registry.npmjs.org/statuses from cache
435 verbose get saving statuses to /home/alex/.npm/registry.npmjs.org/statuses/.cache.json
436 silly resolveWithNewModule mime@1.4.1 checking installable status
437 silly cache add args [ 'mime@1.4.1', null ]
438 verbose cache add spec mime@1.4.1
439 silly cache add parsed spec Result {
439 silly cache add   raw: 'mime@1.4.1',
439 silly cache add   scope: null,
439 silly cache add   name: 'mime',
439 silly cache add   rawSpec: '1.4.1',
439 silly cache add   spec: '1.4.1',
439 silly cache add   type: 'version' }
440 silly addNamed mime@1.4.1
441 verbose addNamed "1.4.1" is a plain semver version for mime
442 silly mapToRegistry name mime
443 silly mapToRegistry using default registry
444 silly mapToRegistry registry https://registry.npmjs.org/
445 silly mapToRegistry uri https://registry.npmjs.org/mime
446 verbose addNameVersion registry:https://registry.npmjs.org/mime not in flight; fetching
447 http 304 https://registry.npmjs.org/http-errors
448 verbose headers { date: 'Sun, 16 Sep 2018 15:31:21 GMT',
448 verbose headers   connection: 'keep-alive',
448 verbose headers   'set-cookie':
448 verbose headers    [ '__cfduid=d21d4404b902ab7ae62d4d242b2f470b31537111881; expires=Mon, 16-Sep-19 15:31:21 GMT; path=/; domain=.registry.npmjs.org; HttpOnly' ],
448 verbose headers   'cf-cache-status': 'HIT',
448 verbose headers   'cache-control': 'max-age=300',
448 verbose headers   'cf-ray': '45b4612bce5d909b-DME',
448 verbose headers   etag: '"18d5dcd33e8fcce01a42d16122cc00de"',
448 verbose headers   'expect-ct': 'max-age=604800, report-uri="https://report-uri.cloudflare.com/cdn-cgi/beacon/expect-ct"',
448 verbose headers   'last-modified': 'Sat, 08 Sep 2018 22:16:36 GMT',
448 verbose headers   vary: 'accept-encoding, accept',
448 verbose headers   'x-amz-meta-rev': '87-a89b1b018e06cd46d8935990c487d1cf',
448 verbose headers   server: 'cloudflare' }
449 silly get cb [ 304,
449 silly get   { date: 'Sun, 16 Sep 2018 15:31:21 GMT',
449 silly get     connection: 'keep-alive',
449 silly get     'set-cookie':
449 silly get      [ '__cfduid=d21d4404b902ab7ae62d4d242b2f470b31537111881; expires=Mon, 16-Sep-19 15:31:21 GMT; path=/; domain=.registry.npmjs.org; HttpOnly' ],
449 silly get     'cf-cache-status': 'HIT',
449 silly get     'cache-control': 'max-age=300',
449 silly get     'cf-ray': '45b4612bce5d909b-DME',
449 silly get     etag: '"18d5dcd33e8fcce01a42d16122cc00de"',
449 silly get     'expect-ct': 'max-age=604800, report-uri="https://report-uri.cloudflare.com/cdn-cgi/beacon/expect-ct"',
449 silly get     'last-modified': 'Sat, 08 Sep 2018 22:16:36 GMT',
449 silly get     vary: 'accept-encoding, accept',
449 silly get     'x-amz-meta-rev': '87-a89b1b018e06cd46d8935990c487d1cf',
449 silly get     server: 'cloudflare' } ]
450 verbose etag https://registry.npmjs.org/http-errors from cache
451 verbose get saving http-errors to /home/alex/.npm/registry.npmjs.org/http-errors/.cache.json
452 silly resolveWithNewModule on-finished@2.3.0 checking installable status
453 silly cache add args [ 'on-finished@~2.3.0', null ]
454 verbose cache add spec on-finished@~2.3.0
455 silly cache add parsed spec Result {
455 silly cache add   raw: 'on-finished@~2.3.0',
455 silly cache add   scope: null,
455 silly cache add   name: 'on-finished',
455 silly cache add   rawSpec: '~2.3.0',
455 silly cache add   spec: '>=2.3.0 <2.4.0',
455 silly cache add   type: 'range' }
456 silly addNamed on-finished@>=2.3.0 <2.4.0
457 verbose addNamed ">=2.3.0 <2.4.0" is a valid semver range for on-finished
458 silly addNameRange { name: 'on-finished', range: '>=2.3.0 <2.4.0', hasData: false }
459 silly mapToRegistry name on-finished
460 silly mapToRegistry using default registry
461 silly mapToRegistry registry https://registry.npmjs.org/
462 silly mapToRegistry uri https://registry.npmjs.org/on-finished
463 verbose addNameRange registry:https://registry.npmjs.org/on-finished not in flight; fetching
464 silly resolveWithNewModule fresh@0.5.2 checking installable status
465 silly cache add args [ 'fresh@0.5.2', null ]
466 verbose cache add spec fresh@0.5.2
467 silly cache add parsed spec Result {
467 silly cache add   raw: 'fresh@0.5.2',
467 silly cache add   scope: null,
467 silly cache add   name: 'fresh',
467 silly cache add   rawSpec: '0.5.2',
467 silly cache add   spec: '0.5.2',
467 silly cache add   type: 'version' }
468 silly addNamed fresh@0.5.2
469 verbose addNamed "0.5.2" is a plain semver version for fresh
470 silly mapToRegistry name fresh
471 silly mapToRegistry using default registry
472 silly mapToRegistry registry https://registry.npmjs.org/
473 silly mapToRegistry uri https://registry.npmjs.org/fresh
474 verbose addNameVersion registry:https://registry.npmjs.org/fresh not in flight; fetching
475 silly resolveWithNewModule range-parser@1.2.0 checking installable status
476 silly cache add args [ 'range-parser@~1.2.0', null ]
477 verbose cache add spec range-parser@~1.2.0
478 silly cache add parsed spec Result {
478 silly cache add   raw: 'range-parser@~1.2.0',
478 silly cache add   scope: null,
478 silly cache add   name: 'range-parser',
478 silly cache add   rawSpec: '~1.2.0',
478 silly cache add   spec: '>=1.2.0 <1.3.0',
478 silly cache add   type: 'range' }
479 silly addNamed range-parser@>=1.2.0 <1.3.0
480 verbose addNamed ">=1.2.0 <1.3.0" is a valid semver range for range-parser
481 silly addNameRange { name: 'range-parser', range: '>=1.2.0 <1.3.0', hasData: false }
482 silly mapToRegistry name range-parser
483 silly mapToRegistry using default registry
484 silly mapToRegistry registry https://registry.npmjs.org/
485 silly mapToRegistry uri https://registry.npmjs.org/range-parser
486 verbose addNameRange registry:https://registry.npmjs.org/range-parser not in flight; fetching
487 silly resolveWithNewModule statuses@1.4.0 checking installable status
488 silly cache add args [ 'statuses@~1.4.0', null ]
489 verbose cache add spec statuses@~1.4.0
490 silly cache add parsed spec Result {
490 silly cache add   raw: 'statuses@~1.4.0',
490 silly cache add   scope: null,
490 silly cache add   name: 'statuses',
490 silly cache add   rawSpec: '~1.4.0',
490 silly cache add   spec: '>=1.4.0 <1.5.0',
490 silly cache add   type: 'range' }
491 silly addNamed statuses@>=1.4.0 <1.5.0
492 verbose addNamed ">=1.4.0 <1.5.0" is a valid semver range for statuses
493 silly addNameRange { name: 'statuses', range: '>=1.4.0 <1.5.0', hasData: false }
494 silly mapToRegistry name statuses
495 silly mapToRegistry using default registry
496 silly mapToRegistry registry https://registry.npmjs.org/
497 silly mapToRegistry uri https://registry.npmjs.org/statuses
498 verbose addNameRange registry:https://registry.npmjs.org/statuses not in flight; fetching
499 verbose get https://registry.npmjs.org/mime not expired, no request
500 verbose get https://registry.npmjs.org/on-finished not expired, no request
501 silly addNameRange number 2 { name: 'on-finished', range: '>=2.3.0 <2.4.0', hasData: true }
502 silly addNameRange versions [ 'on-finished',
502 silly addNameRange   [ '2.0.0', '2.1.0', '2.1.1', '2.2.0', '2.2.1', '2.3.0' ] ]
503 silly addNamed on-finished@2.3.0
504 verbose addNamed "2.3.0" is a plain semver version for on-finished
505 verbose get https://registry.npmjs.org/fresh not expired, no request
506 verbose get https://registry.npmjs.org/range-parser not expired, no request
507 silly addNameRange number 2 { name: 'range-parser', range: '>=1.2.0 <1.3.0', hasData: true }
508 silly addNameRange versions [ 'range-parser',
508 silly addNameRange   [ '0.0.1',
508 silly addNameRange     '0.0.2',
508 silly addNameRange     '0.0.3',
508 silly addNameRange     '0.0.4',
508 silly addNameRange     '1.0.0',
508 silly addNameRange     '1.0.1',
508 silly addNameRange     '1.0.2',
508 silly addNameRange     '1.0.3',
508 silly addNameRange     '1.1.0',
508 silly addNameRange     '1.2.0' ] ]
509 silly addNamed range-parser@1.2.0
510 verbose addNamed "1.2.0" is a plain semver version for range-parser
511 verbose get https://registry.npmjs.org/statuses not expired, no request
512 silly addNameRange number 2 { name: 'statuses', range: '>=1.4.0 <1.5.0', hasData: true }
513 silly addNameRange versions [ 'statuses',
513 silly addNameRange   [ '1.0.1',
513 silly addNameRange     '1.0.2',
513 silly addNameRange     '1.0.3',
513 silly addNameRange     '1.0.4',
513 silly addNameRange     '1.1.0',
513 silly addNameRange     '1.1.1',
513 silly addNameRange     '1.2.0',
513 silly addNameRange     '1.2.1',
513 silly addNameRange     '1.3.0',
513 silly addNameRange     '1.3.1',
513 silly addNameRange     '1.4.0',
513 silly addNameRange     '1.5.0' ] ]
514 silly addNamed statuses@1.4.0
515 verbose addNamed "1.4.0" is a plain semver version for statuses
516 silly resolveWithNewModule http-errors@1.6.3 checking installable status
517 silly cache add args [ 'http-errors@~1.6.2', null ]
518 verbose cache add spec http-errors@~1.6.2
519 silly cache add parsed spec Result {
519 silly cache add   raw: 'http-errors@~1.6.2',
519 silly cache add   scope: null,
519 silly cache add   name: 'http-errors',
519 silly cache add   rawSpec: '~1.6.2',
519 silly cache add   spec: '>=1.6.2 <1.7.0',
519 silly cache add   type: 'range' }
520 silly addNamed http-errors@>=1.6.2 <1.7.0
521 verbose addNamed ">=1.6.2 <1.7.0" is a valid semver range for http-errors
522 silly addNameRange { name: 'http-errors', range: '>=1.6.2 <1.7.0', hasData: false }
523 silly mapToRegistry name http-errors
524 silly mapToRegistry using default registry
525 silly mapToRegistry registry https://registry.npmjs.org/
526 silly mapToRegistry uri https://registry.npmjs.org/http-errors
527 verbose addNameRange registry:https://registry.npmjs.org/http-errors not in flight; fetching
528 silly cache afterAdd mime@1.4.1
529 verbose afterAdd /home/alex/.npm/mime/1.4.1/package/package.json not in flight; writing
530 silly cache afterAdd on-finished@2.3.0
531 verbose afterAdd /home/alex/.npm/on-finished/2.3.0/package/package.json not in flight; writing
532 silly cache afterAdd fresh@0.5.2
533 verbose afterAdd /home/alex/.npm/fresh/0.5.2/package/package.json not in flight; writing
534 silly cache afterAdd range-parser@1.2.0
535 verbose afterAdd /home/alex/.npm/range-parser/1.2.0/package/package.json not in flight; writing
536 silly cache afterAdd statuses@1.4.0
537 verbose afterAdd /home/alex/.npm/statuses/1.4.0/package/package.json not in flight; writing
538 verbose get https://registry.npmjs.org/http-errors not expired, no request
539 silly addNameRange number 2 { name: 'http-errors', range: '>=1.6.2 <1.7.0', hasData: true }
540 silly addNameRange versions [ 'http-errors',
540 silly addNameRange   [ '0.0.1',
540 silly addNameRange     '1.0.0',
540 silly addNameRange     '1.0.1',
540 silly addNameRange     '1.1.0',
540 silly addNameRange     '1.2.0',
540 silly addNameRange     '1.2.1',
540 silly addNameRange     '1.2.2',
540 silly addNameRange     '1.2.3',
540 silly addNameRange     '1.2.4',
540 silly addNameRange     '1.2.5',
540 silly addNameRange     '1.2.6',
540 silly addNameRange     '1.2.7',
540 silly addNameRange     '1.2.8',
540 silly addNameRange     '1.3.0',
540 silly addNameRange     '1.3.1',
540 silly addNameRange     '1.4.0',
540 silly addNameRange     '1.5.0',
540 silly addNameRange     '1.5.1',
540 silly addNameRange     '1.6.0',
540 silly addNameRange     '1.6.1',
540 silly addNameRange     '1.6.2',
540 silly addNameRange     '1.6.3',
540 silly addNameRange     '1.7.0',
540 silly addNameRange     '1.7.1' ] ]
541 silly addNamed http-errors@1.6.3
542 verbose addNamed "1.6.3" is a plain semver version for http-errors
543 http 304 https://registry.npmjs.org/ms
544 verbose headers { date: 'Sun, 16 Sep 2018 15:31:21 GMT',
544 verbose headers   connection: 'keep-alive',
544 verbose headers   'set-cookie':
544 verbose headers    [ '__cfduid=d1cfead7e7d7cf06484cb38507e78d5201537111881; expires=Mon, 16-Sep-19 15:31:21 GMT; path=/; domain=.registry.npmjs.org; HttpOnly' ],
544 verbose headers   'cf-cache-status': 'HIT',
544 verbose headers   'cache-control': 'max-age=300',
544 verbose headers   'cf-ray': '45b4612bb9939083-DME',
544 verbose headers   etag: '"c4a0ab4f116dc1745243122879e62f93"',
544 verbose headers   'expect-ct': 'max-age=604800, report-uri="https://report-uri.cloudflare.com/cdn-cgi/beacon/expect-ct"',
544 verbose headers   'last-modified': 'Fri, 03 Aug 2018 01:28:24 GMT',
544 verbose headers   vary: 'accept-encoding, accept',
544 verbose headers   server: 'cloudflare' }
545 silly get cb [ 304,
545 silly get   { date: 'Sun, 16 Sep 2018 15:31:21 GMT',
545 silly get     connection: 'keep-alive',
545 silly get     'set-cookie':
545 silly get      [ '__cfduid=d1cfead7e7d7cf06484cb38507e78d5201537111881; expires=Mon, 16-Sep-19 15:31:21 GMT; path=/; domain=.registry.npmjs.org; HttpOnly' ],
545 silly get     'cf-cache-status': 'HIT',
545 silly get     'cache-control': 'max-age=300',
545 silly get     'cf-ray': '45b4612bb9939083-DME',
545 silly get     etag: '"c4a0ab4f116dc1745243122879e62f93"',
545 silly get     'expect-ct': 'max-age=604800, report-uri="https://report-uri.cloudflare.com/cdn-cgi/beacon/expect-ct"',
545 silly get     'last-modified': 'Fri, 03 Aug 2018 01:28:24 GMT',
545 silly get     vary: 'accept-encoding, accept',
545 silly get     server: 'cloudflare' } ]
546 verbose etag https://registry.npmjs.org/ms from cache
547 verbose get saving ms to /home/alex/.npm/registry.npmjs.org/ms/.cache.json
548 verbose afterAdd /home/alex/.npm/mime/1.4.1/package/package.json written
549 verbose afterAdd /home/alex/.npm/on-finished/2.3.0/package/package.json written
550 verbose afterAdd /home/alex/.npm/fresh/0.5.2/package/package.json written
551 verbose afterAdd /home/alex/.npm/range-parser/1.2.0/package/package.json written
552 verbose afterAdd /home/alex/.npm/statuses/1.4.0/package/package.json written
553 silly cache afterAdd http-errors@1.6.3
554 verbose afterAdd /home/alex/.npm/http-errors/1.6.3/package/package.json not in flight; writing
555 silly resolveWithNewModule ms@2.0.0 checking installable status
556 silly cache add args [ 'ms@2.0.0', null ]
557 verbose cache add spec ms@2.0.0
558 silly cache add parsed spec Result {
558 silly cache add   raw: 'ms@2.0.0',
558 silly cache add   scope: null,
558 silly cache add   name: 'ms',
558 silly cache add   rawSpec: '2.0.0',
558 silly cache add   spec: '2.0.0',
558 silly cache add   type: 'version' }
559 silly addNamed ms@2.0.0
560 verbose addNamed "2.0.0" is a plain semver version for ms
561 silly mapToRegistry name ms
562 silly mapToRegistry using default registry
563 silly mapToRegistry registry https://registry.npmjs.org/
564 silly mapToRegistry uri https://registry.npmjs.org/ms
565 verbose addNameVersion registry:https://registry.npmjs.org/ms not in flight; fetching
566 verbose afterAdd /home/alex/.npm/http-errors/1.6.3/package/package.json written
567 verbose get https://registry.npmjs.org/ms not expired, no request
568 silly cache afterAdd ms@2.0.0
569 verbose afterAdd /home/alex/.npm/ms/2.0.0/package/package.json not in flight; writing
570 verbose afterAdd /home/alex/.npm/ms/2.0.0/package/package.json written
571 silly fetchNamedPackageData inherits
572 silly mapToRegistry name inherits
573 silly mapToRegistry using default registry
574 silly mapToRegistry registry https://registry.npmjs.org/
575 silly mapToRegistry uri https://registry.npmjs.org/inherits
576 silly fetchNamedPackageData setprototypeof
577 silly mapToRegistry name setprototypeof
578 silly mapToRegistry using default registry
579 silly mapToRegistry registry https://registry.npmjs.org/
580 silly mapToRegistry uri https://registry.npmjs.org/setprototypeof
581 verbose request uri https://registry.npmjs.org/inherits
582 verbose request no auth needed
583 info attempt registry request try #1 at 18:31:21
584 verbose etag W/"5c44a4fc0c394680c243866b5bc42bf5"
585 verbose lastModified Fri, 03 Aug 2018 00:38:04 GMT
586 http request GET https://registry.npmjs.org/inherits
587 verbose request uri https://registry.npmjs.org/setprototypeof
588 verbose request no auth needed
589 info attempt registry request try #1 at 18:31:21
590 verbose etag W/"70f646ec16e53d6f2f4e91b016a868f6"
591 verbose lastModified Fri, 03 Aug 2018 00:42:29 GMT
592 http request GET https://registry.npmjs.org/setprototypeof
593 http 304 https://registry.npmjs.org/inherits
594 verbose headers { date: 'Sun, 16 Sep 2018 15:31:21 GMT',
594 verbose headers   connection: 'keep-alive',
594 verbose headers   'set-cookie':
594 verbose headers    [ '__cfduid=de9d7aada38e76bbc037a2beb5a005fd51537111881; expires=Mon, 16-Sep-19 15:31:21 GMT; path=/; domain=.registry.npmjs.org; HttpOnly' ],
594 verbose headers   'cf-cache-status': 'HIT',
594 verbose headers   'cache-control': 'max-age=300',
594 verbose headers   'cf-ray': '45b4612c7dee8e91-DME',
594 verbose headers   etag: '"5c44a4fc0c394680c243866b5bc42bf5"',
594 verbose headers   'expect-ct': 'max-age=604800, report-uri="https://report-uri.cloudflare.com/cdn-cgi/beacon/expect-ct"',
594 verbose headers   'last-modified': 'Fri, 03 Aug 2018 00:38:04 GMT',
594 verbose headers   vary: 'accept-encoding, accept',
594 verbose headers   server: 'cloudflare' }
595 silly get cb [ 304,
595 silly get   { date: 'Sun, 16 Sep 2018 15:31:21 GMT',
595 silly get     connection: 'keep-alive',
595 silly get     'set-cookie':
595 silly get      [ '__cfduid=de9d7aada38e76bbc037a2beb5a005fd51537111881; expires=Mon, 16-Sep-19 15:31:21 GMT; path=/; domain=.registry.npmjs.org; HttpOnly' ],
595 silly get     'cf-cache-status': 'HIT',
595 silly get     'cache-control': 'max-age=300',
595 silly get     'cf-ray': '45b4612c7dee8e91-DME',
595 silly get     etag: '"5c44a4fc0c394680c243866b5bc42bf5"',
595 silly get     'expect-ct': 'max-age=604800, report-uri="https://report-uri.cloudflare.com/cdn-cgi/beacon/expect-ct"',
595 silly get     'last-modified': 'Fri, 03 Aug 2018 00:38:04 GMT',
595 silly get     vary: 'accept-encoding, accept',
595 silly get     server: 'cloudflare' } ]
596 verbose etag https://registry.npmjs.org/inherits from cache
597 verbose get saving inherits to /home/alex/.npm/registry.npmjs.org/inherits/.cache.json
598 http 304 https://registry.npmjs.org/setprototypeof
599 verbose headers { date: 'Sun, 16 Sep 2018 15:31:21 GMT',
599 verbose headers   connection: 'keep-alive',
599 verbose headers   'set-cookie':
599 verbose headers    [ '__cfduid=df7012731c57bc6360b2bd04df65a54381537111881; expires=Mon, 16-Sep-19 15:31:21 GMT; path=/; domain=.registry.npmjs.org; HttpOnly' ],
599 verbose headers   'cf-cache-status': 'HIT',
599 verbose headers   'cache-control': 'max-age=300',
599 verbose headers   'cf-ray': '45b4612c7f9990b3-DME',
599 verbose headers   etag: '"70f646ec16e53d6f2f4e91b016a868f6"',
599 verbose headers   'expect-ct': 'max-age=604800, report-uri="https://report-uri.cloudflare.com/cdn-cgi/beacon/expect-ct"',
599 verbose headers   'last-modified': 'Fri, 03 Aug 2018 00:42:29 GMT',
599 verbose headers   vary: 'accept-encoding, accept',
599 verbose headers   server: 'cloudflare' }
600 silly get cb [ 304,
600 silly get   { date: 'Sun, 16 Sep 2018 15:31:21 GMT',
600 silly get     connection: 'keep-alive',
600 silly get     'set-cookie':
600 silly get      [ '__cfduid=df7012731c57bc6360b2bd04df65a54381537111881; expires=Mon, 16-Sep-19 15:31:21 GMT; path=/; domain=.registry.npmjs.org; HttpOnly' ],
600 silly get     'cf-cache-status': 'HIT',
600 silly get     'cache-control': 'max-age=300',
600 silly get     'cf-ray': '45b4612c7f9990b3-DME',
600 silly get     etag: '"70f646ec16e53d6f2f4e91b016a868f6"',
600 silly get     'expect-ct': 'max-age=604800, report-uri="https://report-uri.cloudflare.com/cdn-cgi/beacon/expect-ct"',
600 silly get     'last-modified': 'Fri, 03 Aug 2018 00:42:29 GMT',
600 silly get     vary: 'accept-encoding, accept',
600 silly get     server: 'cloudflare' } ]
601 verbose etag https://registry.npmjs.org/setprototypeof from cache
602 verbose get saving setprototypeof to /home/alex/.npm/registry.npmjs.org/setprototypeof/.cache.json
603 silly resolveWithNewModule inherits@2.0.3 checking installable status
604 silly cache add args [ 'inherits@2.0.3', null ]
605 verbose cache add spec inherits@2.0.3
606 silly cache add parsed spec Result {
606 silly cache add   raw: 'inherits@2.0.3',
606 silly cache add   scope: null,
606 silly cache add   name: 'inherits',
606 silly cache add   rawSpec: '2.0.3',
606 silly cache add   spec: '2.0.3',
606 silly cache add   type: 'version' }
607 silly addNamed inherits@2.0.3
608 verbose addNamed "2.0.3" is a plain semver version for inherits
609 silly mapToRegistry name inherits
610 silly mapToRegistry using default registry
611 silly mapToRegistry registry https://registry.npmjs.org/
612 silly mapToRegistry uri https://registry.npmjs.org/inherits
613 verbose addNameVersion registry:https://registry.npmjs.org/inherits not in flight; fetching
614 verbose get https://registry.npmjs.org/inherits not expired, no request
615 silly resolveWithNewModule setprototypeof@1.1.0 checking installable status
616 silly cache add args [ 'setprototypeof@1.1.0', null ]
617 verbose cache add spec setprototypeof@1.1.0
618 silly cache add parsed spec Result {
618 silly cache add   raw: 'setprototypeof@1.1.0',
618 silly cache add   scope: null,
618 silly cache add   name: 'setprototypeof',
618 silly cache add   rawSpec: '1.1.0',
618 silly cache add   spec: '1.1.0',
618 silly cache add   type: 'version' }
619 silly addNamed setprototypeof@1.1.0
620 verbose addNamed "1.1.0" is a plain semver version for setprototypeof
621 silly mapToRegistry name setprototypeof
622 silly mapToRegistry using default registry
623 silly mapToRegistry registry https://registry.npmjs.org/
624 silly mapToRegistry uri https://registry.npmjs.org/setprototypeof
625 verbose addNameVersion registry:https://registry.npmjs.org/setprototypeof not in flight; fetching
626 silly cache afterAdd inherits@2.0.3
627 verbose afterAdd /home/alex/.npm/inherits/2.0.3/package/package.json not in flight; writing
628 verbose get https://registry.npmjs.org/setprototypeof not expired, no request
629 silly cache afterAdd setprototypeof@1.1.0
630 verbose afterAdd /home/alex/.npm/setprototypeof/1.1.0/package/package.json not in flight; writing
631 verbose afterAdd /home/alex/.npm/inherits/2.0.3/package/package.json written
632 verbose afterAdd /home/alex/.npm/setprototypeof/1.1.0/package/package.json written
633 silly fetchNamedPackageData ee-first
634 silly mapToRegistry name ee-first
635 silly mapToRegistry using default registry
636 silly mapToRegistry registry https://registry.npmjs.org/
637 silly mapToRegistry uri https://registry.npmjs.org/ee-first
638 verbose request uri https://registry.npmjs.org/ee-first
639 verbose request no auth needed
640 info attempt registry request try #1 at 18:31:21
641 verbose etag W/"7fa3ced8efbbc3ffecc64fc3c92741c7"
642 verbose lastModified Sat, 26 May 2018 22:47:21 GMT
643 http request GET https://registry.npmjs.org/ee-first
644 http 304 https://registry.npmjs.org/ee-first
645 verbose headers { date: 'Sun, 16 Sep 2018 15:31:21 GMT',
645 verbose headers   connection: 'keep-alive',
645 verbose headers   'set-cookie':
645 verbose headers    [ '__cfduid=de9d7aada38e76bbc037a2beb5a005fd51537111881; expires=Mon, 16-Sep-19 15:31:21 GMT; path=/; domain=.registry.npmjs.org; HttpOnly' ],
645 verbose headers   'cf-cache-status': 'HIT',
645 verbose headers   'cache-control': 'max-age=300',
645 verbose headers   'cf-ray': '45b4612cce1c8e91-DME',
645 verbose headers   etag: '"7fa3ced8efbbc3ffecc64fc3c92741c7"',
645 verbose headers   'expect-ct': 'max-age=604800, report-uri="https://report-uri.cloudflare.com/cdn-cgi/beacon/expect-ct"',
645 verbose headers   'last-modified': 'Sat, 26 May 2018 22:47:21 GMT',
645 verbose headers   vary: 'accept-encoding, accept',
645 verbose headers   server: 'cloudflare' }
646 silly get cb [ 304,
646 silly get   { date: 'Sun, 16 Sep 2018 15:31:21 GMT',
646 silly get     connection: 'keep-alive',
646 silly get     'set-cookie':
646 silly get      [ '__cfduid=de9d7aada38e76bbc037a2beb5a005fd51537111881; expires=Mon, 16-Sep-19 15:31:21 GMT; path=/; domain=.registry.npmjs.org; HttpOnly' ],
646 silly get     'cf-cache-status': 'HIT',
646 silly get     'cache-control': 'max-age=300',
646 silly get     'cf-ray': '45b4612cce1c8e91-DME',
646 silly get     etag: '"7fa3ced8efbbc3ffecc64fc3c92741c7"',
646 silly get     'expect-ct': 'max-age=604800, report-uri="https://report-uri.cloudflare.com/cdn-cgi/beacon/expect-ct"',
646 silly get     'last-modified': 'Sat, 26 May 2018 22:47:21 GMT',
646 silly get     vary: 'accept-encoding, accept',
646 silly get     server: 'cloudflare' } ]
647 verbose etag https://registry.npmjs.org/ee-first from cache
648 verbose get saving ee-first to /home/alex/.npm/registry.npmjs.org/ee-first/.cache.json
649 silly resolveWithNewModule ee-first@1.1.1 checking installable status
650 silly cache add args [ 'ee-first@1.1.1', null ]
651 verbose cache add spec ee-first@1.1.1
652 silly cache add parsed spec Result {
652 silly cache add   raw: 'ee-first@1.1.1',
652 silly cache add   scope: null,
652 silly cache add   name: 'ee-first',
652 silly cache add   rawSpec: '1.1.1',
652 silly cache add   spec: '1.1.1',
652 silly cache add   type: 'version' }
653 silly addNamed ee-first@1.1.1
654 verbose addNamed "1.1.1" is a plain semver version for ee-first
655 silly mapToRegistry name ee-first
656 silly mapToRegistry using default registry
657 silly mapToRegistry registry https://registry.npmjs.org/
658 silly mapToRegistry uri https://registry.npmjs.org/ee-first
659 verbose addNameVersion registry:https://registry.npmjs.org/ee-first not in flight; fetching
660 verbose get https://registry.npmjs.org/ee-first not expired, no request
661 silly cache afterAdd ee-first@1.1.1
662 verbose afterAdd /home/alex/.npm/ee-first/1.1.1/package/package.json not in flight; writing
663 verbose afterAdd /home/alex/.npm/ee-first/1.1.1/package/package.json written
664 silly loadAllDepsIntoIdealTree Finishing
665 silly idealTree:prePrune insight-digibyte-ui@0.4.7
665 silly idealTree:prePrune  debug@2.6.9
665 silly idealTree:prePrune  depd@1.1.2
665 silly idealTree:prePrune  destroy@1.0.4
665 silly idealTree:prePrune  ee-first@1.1.1
665 silly idealTree:prePrune  encodeurl@1.0.2
665 silly idealTree:prePrune  escape-html@1.0.3
665 silly idealTree:prePrune  etag@1.8.1
665 silly idealTree:prePrune  fresh@0.5.2
665 silly idealTree:prePrune  http-errors@1.6.3
665 silly idealTree:prePrune  inherits@2.0.3
665 silly idealTree:prePrune  mime@1.4.1
665 silly idealTree:prePrune  ms@2.0.0
665 silly idealTree:prePrune  on-finished@2.3.0
665 silly idealTree:prePrune  parseurl@1.3.2
665 silly idealTree:prePrune  range-parser@1.2.0
665 silly idealTree:prePrune  send@0.16.2
665 silly idealTree:prePrune  serve-static@1.13.2
665 silly idealTree:prePrune  setprototypeof@1.1.0
665 silly idealTree:prePrune  statuses@1.4.0
666 silly loadIdealTree Finishing
667 silly currentTree insight-digibyte-ui@0.4.7
668 silly idealTree insight-digibyte-ui@0.4.7
668 silly idealTree  debug@2.6.9
668 silly idealTree  depd@1.1.2
668 silly idealTree  destroy@1.0.4
668 silly idealTree  ee-first@1.1.1
668 silly idealTree  encodeurl@1.0.2
668 silly idealTree  escape-html@1.0.3
668 silly idealTree  etag@1.8.1
668 silly idealTree  fresh@0.5.2
668 silly idealTree  http-errors@1.6.3
668 silly idealTree  inherits@2.0.3
668 silly idealTree  mime@1.4.1
668 silly idealTree  ms@2.0.0
668 silly idealTree  on-finished@2.3.0
668 silly idealTree  parseurl@1.3.2
668 silly idealTree  range-parser@1.2.0
668 silly idealTree  send@0.16.2
668 silly idealTree  serve-static@1.13.2
668 silly idealTree  setprototypeof@1.1.0
668 silly idealTree  statuses@1.4.0
669 silly generateActionsToTake Starting
670 silly install generateActionsToTake
671 verbose stack TypeError: Cannot read property 'target' of null
671 verbose stack     at module.exports (/usr/share/npm/lib/install/filter-invalid-actions.js:24:36)
671 verbose stack     at Array.<anonymous> (/usr/share/npm/node_modules/slide/lib/bind-actor.js:15:8)
671 verbose stack     at LOOP (/usr/share/npm/node_modules/slide/lib/chain.js:15:14)
671 verbose stack     at /usr/share/npm/node_modules/slide/lib/chain.js:18:7
671 verbose stack     at Installer.computeLinked (/usr/share/npm/lib/install.js:411:41)
671 verbose stack     at Array.<anonymous> (/usr/share/npm/node_modules/slide/lib/bind-actor.js:15:8)
671 verbose stack     at LOOP (/usr/share/npm/node_modules/slide/lib/chain.js:15:14)
671 verbose stack     at /usr/share/npm/node_modules/slide/lib/chain.js:18:7
671 verbose stack     at module.exports (/usr/share/npm/lib/install/diff-trees.js:50:3)
671 verbose stack     at Array.<anonymous> (/usr/share/npm/node_modules/slide/lib/bind-actor.js:15:8)
672 verbose cwd /home/alex/explorers-ui/dgb/insight-digibyte-ui/public
673 error Linux 4.15.0-20-generic
674 error argv "/usr/bin/node" "/usr/bin/npm" "i" "serve-static"
675 error node v8.10.0
676 error npm  v3.5.2
677 error Cannot read property 'target' of null
678 error If you need help, you may report this error at:
678 error     <https://github.com/npm/npm/issues>
679 verbose exit [ 1, true ]
